🚀 API サーバーが起動しました: http://localhost:3000
📌 GET /menus
📌 GET /menus?date=YYYY-MM-DD
📌 メニュー取得: 1/13(火)
✅ キャッシュから読込

============================================================
🎯 [最適化リクエスト] 日付: 1/13(火)
============================================================
📋 メニュー取得中...

============================================================
🌐 [スクレイプ開始] 日付: 1/13(火)
============================================================
✅ ブラウザ起動完了
⏳ サイト読み込み中...
✅ サイト読み込み完了
📑 タブ切り替え: 「今週」を選択
✅ タブ切り替え完了
📅 日付選択: 「1/13(火)」
✅ 日付選択完了
📋 [展開開始] メニュー展開ボタンをクリック開始
   展開前: 10 メニュー
   → クリック 1: 10 → 20 メニュー (+10)
   展開前: 20 メニュー
   → クリック 2: 20 → 30 メニュー (+10)
   展開前: 30 メニュー
   → クリック 3: 30 → 40 メニュー (+10)
   展開前: 40 メニュー
   → クリック 4: 40 → 41 メニュー (+1)
   展開前: 41 メニュー
✅ [展開完了] 展開ボタンがなくなりました（合計 4 回クリック）

🔍 [スクレイプ開始] 合計 41 メニューを取得開始
   ✅ [1/41] 白身フリッターのイタリアンマリネ
      栄養情報キー数: 19
   ✅ [2/41] ことこと煮込んだシチューハンバーグ
      栄養情報キー数: 19
   ✅ [3/41] 飛騨牛コロッケ
      栄養情報キー数: 19
   ✅ [4/41] 飛騨牛コロッケミニ
      栄養情報キー数: 19
   ✅ [5/41] 豚レバー回鍋肉
      栄養情報キー数: 19
   ✅ [6/41] 台湾丼
      栄養情報キー数: 19
   ✅ [7/41] 台湾丼ミニ
      栄養情報キー数: 19
   ✅ [8/41] カレーライス
      栄養情報キー数: 19
   ✅ [9/41] カレーライスミニ
      栄養情報キー数: 19
   ✅ [10/41] しょう油ラーメン
      栄養情報キー数: 19
   ✅ [11/41] きしめん
      栄養情報キー数: 19
   ✅ [12/41] バランスＢＯＸ
      栄養情報キー数: 19
   ✅ [13/41] アマトリチャーナ
      栄養情報キー数: 19
   ✅ [14/41] 海鮮丼
      栄養情報キー数: 19
   ✅ [15/41] 大判きつねあげ
      栄養情報キー数: 19
   ✅ [16/41] いかドーナツ
      栄養情報キー数: 19
   ✅ [17/41] いかともやしのバター炒め
      栄養情報キー数: 19
   ✅ [18/41] 大豆とひじきの煮付
      栄養情報キー数: 19
   ✅ [19/41] 大根と沢庵の和え物
      栄養情報キー数: 19
   ✅ [20/41] たんぱく質の摂れる小鉢 蒸し鶏＆ブロッコリー
      栄養情報キー数: 19
   ✅ [21/41] 冷奴(小)
      栄養情報キー数: 19
   ✅ [22/41] 納豆
      栄養情報キー数: 19
   ✅ [23/41] 生玉子（御飯の友）
      栄養情報キー数: 19
   ✅ [24/41] ゆで玉子
      栄養情報キー数: 19
   ✅ [25/41] 当店手作り　温泉玉子
      栄養情報キー数: 19
   ✅ [26/41] シャキシャキ野菜の韓国風マヨサラダ
      栄養情報キー数: 19
   ✅ [27/41] 水耕グリーンリーフサラダ
      栄養情報キー数: 19
   ✅ [28/41] プリン
      栄養情報キー数: 19
   ✅ [29/41] カラダ強くするヨーグルト
      栄養情報キー数: 19
   ✅ [30/41] カラダ強くする飲むヨーグルト
      栄養情報キー数: 19
   ✅ [31/41] ライス（S)
      栄養情報キー数: 19
   ✅ [32/41] ライス（M)
      栄養情報キー数: 19
   ✅ [33/41] 漬物盛り合わせ
      栄養情報キー数: 19
   ✅ [34/41] ねぎ塩レモンの春雨スープ
      栄養情報キー数: 19
   ✅ [35/41] 味噌汁（キャベツ・シイタケ）
      栄養情報キー数: 19
   ✅ [36/41] 茶碗蒸し
      栄養情報キー数: 19
   ✅ [37/41] 全粒粉ロール＆バケット
      栄養情報キー数: 19
   ✅ [38/41] 鶏の竜田揚げ
      栄養情報キー数: 19
   ✅ [39/41] グリーンサラダ(2F)
      栄養情報キー数: 19
   ✅ [40/41] さつまいも入りマカロニサラダ
      栄養情報キー数: 19
   ✅ [41/41] コーヒームース
      栄養情報キー数: 19

📊 [スクレイプ完了] 成功: 41, 失敗: 0, 合計: 41

============================================================
✨ [完成] 1/13(火) のメニュー取得完了
   合計メニュー数: 41
============================================================

✅ 41 メニュー取得完了

🔍 [最適化開始] メニュー数: 41, 目標: {"エネルギー":650,"たんぱく質":30}
   設定: 最大メニュー数=10, マルチスタート=3
   固定メニュー: 白身フリッターのイタリアンマリネ, 海鮮丼
   ✅ 固定メニュー 2 個を確認: 白身フリッターのイタリアンマリネ, 海鮮丼
   固定メニュー合計: {"エネルギー":662,"たんぱく質":28.6,"脂質":18.7,"炭水化物":140.7,"飽和脂肪酸":0.7,"食塩相当量":3.2,"野菜重量":30}
   調整目標値（固定を除く）: {"エネルギー":0,"たんぱく質":1.3999999999999986}
   候補メニュー数: 39 個（除外・固定を除く）

   === マルチスタート 1/3 ===
   [貪欲法]
   [貪欲法] メニュー 1: 水耕グリーンリーフサラダ
   [貪欲法] メニュー 2: グリーンサラダ(2F)
   [貪欲法] メニュー 3: 漬物盛り合わせ
   [貪欲法] メニュー 4: 味噌汁（キャベツ・シイタケ）
   [貪欲法] メニュー 5: 大根と沢庵の和え物
   [貪欲法] メニュー 6: 大豆とひじきの煮付
   [貪欲法] メニュー 7: いかともやしのバター炒め
   [貪欲法] メニュー 8: 冷奴(小)
   [貪欲法] メニュー 9: カラダ強くする飲むヨーグルト
   [貪欲法] メニュー 10: シャキシャキ野菜の韓国風マヨサラダ
   [ローカルサーチ]
   → 距離: 200.10

   === マルチスタート 2/3 ===
   [貪欲法]
   [貪欲法] メニュー 1: 水耕グリーンリーフサラダ
   [貪欲法] メニュー 2: グリーンサラダ(2F)
   [貪欲法] メニュー 3: 漬物盛り合わせ
   [貪欲法] メニュー 4: 味噌汁（キャベツ・シイタケ）
   [貪欲法] メニュー 5: 大根と沢庵の和え物
   [貪欲法] メニュー 6: 大豆とひじきの煮付
   [貪欲法] メニュー 7: いかともやしのバター炒め
   [貪欲法] メニュー 8: 冷奴(小)
   [貪欲法] メニュー 9: カラダ強くする飲むヨーグルト
   [貪欲法] メニュー 10: シャキシャキ野菜の韓国風マヨサラダ
   [ローカルサーチ]
   → 距離: 200.10

   === マルチスタート 3/3 ===
   [貪欲法]
   [貪欲法] メニュー 1: 水耕グリーンリーフサラダ
   [貪欲法] メニュー 2: グリーンサラダ(2F)
   [貪欲法] メニュー 3: 漬物盛り合わせ
   [貪欲法] メニュー 4: 味噌汁（キャベツ・シイタケ）
   [貪欲法] メニュー 5: 大根と沢庵の和え物
   [貪欲法] メニュー 6: 大豆とひじきの煮付
   [貪欲法] メニュー 7: いかともやしのバター炒め
   [貪欲法] メニュー 8: 冷奴(小)
   [貪欲法] メニュー 9: カラダ強くする飲むヨーグルト
   [貪欲法] メニュー 10: シャキシャキ野菜の韓国風マヨサラダ
   [ローカルサーチ]
   → 距離: 200.10

✨ [最適化完了] 距離: 200.10
   選択メニュー数: 10（固定除く）
   全メニュー数: 12

✨ [最適化完了]
   選択メニュー数: 12
   距離スコア: 200.10
============================================================


============================================================
🎯 [最適化リクエスト] 日付: 1/13(火)
============================================================
📋 メニュー取得中...

============================================================
🌐 [スクレイプ開始] 日付: 1/13(火)
============================================================
✅ ブラウザ起動完了
⏳ サイト読み込み中...
✅ サイト読み込み完了
📑 タブ切り替え: 「今週」を選択
✅ タブ切り替え完了
📅 日付選択: 「1/13(火)」
✅ 日付選択完了
📋 [展開開始] メニュー展開ボタンをクリック開始
   展開前: 0 メニュー
✅ [展開完了] 展開ボタンがなくなりました（合計 0 回クリック）

🔍 [スクレイプ開始] 合計 10 メニューを取得開始
   ✅ [1/10] 白身フリッターのイタリアンマリネ
      栄養情報キー数: 19
   ✅ [2/10] ことこと煮込んだシチューハンバーグ
      栄養情報キー数: 19
   ✅ [3/10] 飛騨牛コロッケ
      栄養情報キー数: 19
   ✅ [4/10] 飛騨牛コロッケミニ
      栄養情報キー数: 19
   ✅ [5/10] 豚レバー回鍋肉
      栄養情報キー数: 19
   ✅ [6/10] 台湾丼
      栄養情報キー数: 19
   ✅ [7/10] 台湾丼ミニ
      栄養情報キー数: 19
   ✅ [8/10] カレーライス
      栄養情報キー数: 19
   ✅ [9/10] カレーライスミニ
      栄養情報キー数: 19
   ✅ [10/10] しょう油ラーメン
      栄養情報キー数: 19

📊 [スクレイプ完了] 成功: 10, 失敗: 0, 合計: 10

============================================================
✨ [完成] 1/13(火) のメニュー取得完了
   合計メニュー数: 10
============================================================

✅ 10 メニュー取得完了

🔍 [最適化開始] メニュー数: 10, 目標: {"たんぱく質":40,"脂質":20,"野菜重量":120}
   設定: 最大メニュー数=10, マルチスタート=3
   固定メニュー合計: {}
   調整目標値（固定を除く）: {"たんぱく質":40,"脂質":20,"野菜重量":120}
   候補メニュー数: 10 個（除外・固定を除く）

   === マルチスタート 1/3 ===
   [貪欲法]
   [貪欲法] メニュー 1: 豚レバー回鍋肉
   [貪欲法] メニュー 2: 白身フリッターのイタリアンマリネ
   [貪欲法] メニュー 3: 飛騨牛コロッケミニ
   [貪欲法] メニュー 4: カレーライスミニ
   [貪欲法] メニュー 5: しょう油ラーメン
   [貪欲法] メニュー 6: 台湾丼ミニ
   [貪欲法] メニュー 7: 飛騨牛コロッケ
   [貪欲法] メニュー 8: カレーライス
   [貪欲法] メニュー 9: ことこと煮込んだシチューハンバーグ
   [貪欲法] メニュー 10: 台湾丼
   [ローカルサーチ]
   → 距離: 211.10

   === マルチスタート 2/3 ===
   [貪欲法]
   [貪欲法] メニュー 1: 豚レバー回鍋肉
   [貪欲法] メニュー 2: 白身フリッターのイタリアンマリネ
   [貪欲法] メニュー 3: 飛騨牛コロッケミニ
   [貪欲法] メニュー 4: カレーライスミニ
   [貪欲法] メニュー 5: しょう油ラーメン
   [貪欲法] メニュー 6: 台湾丼ミニ
   [貪欲法] メニュー 7: 飛騨牛コロッケ
   [貪欲法] メニュー 8: カレーライス
   [貪欲法] メニュー 9: ことこと煮込んだシチューハンバーグ
   [貪欲法] メニュー 10: 台湾丼
   [ローカルサーチ]
   → 距離: 211.10

   === マルチスタート 3/3 ===
   [貪欲法]
   [貪欲法] メニュー 1: 豚レバー回鍋肉
   [貪欲法] メニュー 2: 白身フリッターのイタリアンマリネ
   [貪欲法] メニュー 3: 飛騨牛コロッケミニ
   [貪欲法] メニュー 4: カレーライスミニ
   [貪欲法] メニュー 5: しょう油ラーメン
   [貪欲法] メニュー 6: 台湾丼ミニ
   [貪欲法] メニュー 7: 飛騨牛コロッケ
   [貪欲法] メニュー 8: カレーライス
   [貪欲法] メニュー 9: ことこと煮込んだシチューハンバーグ
   [貪欲法] メニュー 10: 台湾丼
   [ローカルサーチ]
   → 距離: 211.10

✨ [最適化完了] 距離: 211.10
   選択メニュー数: 10（固定除く）
   全メニュー数: 10

✨ [最適化完了]
   選択メニュー数: 10
   距離スコア: 211.10
============================================================

